This file contains any messages produced by compilers while
running configure, to aid debugging if configure makes a mistake.

It was created by query-dnnf configure 0.4.180625, which was
generated by GNU Autoconf 2.69.  Invocation command line was

  $ ./configure 

## --------- ##
## Platform. ##
## --------- ##

hostname = tux
uname -m = x86_64
uname -r = 5.9.10-arch1-1
uname -s = Linux
uname -v = #1 SMP PREEMPT Sun, 22 Nov 2020 14:16:59 +0000

/usr/bin/uname -p = unknown
/bin/uname -X     = unknown

/bin/arch              = unknown
/usr/bin/arch -k       = unknown
/usr/convex/getsysinfo = unknown
/usr/bin/hostinfo      = unknown
/bin/machine           = unknown
/usr/bin/oslevel       = unknown
/bin/universe          = unknown

PATH: /home/paulius/.cabal/bin
PATH: /home/paulius/.gem/ruby/2.6.0/bin
PATH: /usr/local/sbin
PATH: /usr/local/bin
PATH: /usr/bin
PATH: /usr/lib/jvm/default/bin
PATH: /usr/bin/site_perl
PATH: /usr/bin/vendor_perl
PATH: /usr/bin/core_perl


## ----------- ##
## Core tests. ##
## ----------- ##

configure:1934: checking for a BSD-compatible install
configure:2002: result: /usr/bin/install -c
configure:2013: checking whether build environment is sane
configure:2068: result: yes
configure:2217: checking for a thread-safe mkdir -p
configure:2256: result: /usr/bin/mkdir -p
configure:2263: checking for gawk
configure:2279: found /usr/bin/gawk
configure:2290: result: gawk
configure:2301: checking whether make sets $(MAKE)
configure:2323: result: yes
configure:2352: checking whether make supports nested variables
configure:2369: result: yes
configure:2552: checking for gcc
configure:2568: found /usr/bin/gcc
configure:2579: result: gcc
configure:2808: checking for C compiler version
configure:2817: gcc --version >&5
gcc (GCC) 10.2.0
Copyright (C) 2020 Free Software Foundation, Inc.
This is free software; see the source for copying conditions.  There is NO
warranty; not even for MERCHANTABILITY or FITNESS FOR A PARTICULAR PURPOSE.

configure:2828: $? = 0
configure:2817: gcc -v >&5
Using built-in specs.
COLLECT_GCC=gcc
COLLECT_LTO_WRAPPER=/usr/lib/gcc/x86_64-pc-linux-gnu/10.2.0/lto-wrapper
Target: x86_64-pc-linux-gnu
Configured with: /build/gcc/src/gcc/configure --prefix=/usr --libdir=/usr/lib --libexecdir=/usr/lib --mandir=/usr/share/man --infodir=/usr/share/info --with-bugurl=https://bugs.archlinux.org/ --enable-languages=c,c++,ada,fortran,go,lto,objc,obj-c++,d --with-isl --with-linker-hash-style=gnu --with-system-zlib --enable-__cxa_atexit --enable-cet=auto --enable-checking=release --enable-clocale=gnu --enable-default-pie --enable-default-ssp --enable-gnu-indirect-function --enable-gnu-unique-object --enable-install-libiberty --enable-linker-build-id --enable-lto --enable-multilib --enable-plugin --enable-shared --enable-threads=posix --disable-libssp --disable-libstdcxx-pch --disable-libunwind-exceptions --disable-werror gdc_include_dir=/usr/include/dlang/gdc
Thread model: posix
Supported LTO compression algorithms: zlib zstd
gcc version 10.2.0 (GCC) 
configure:2828: $? = 0
configure:2817: gcc -V >&5
gcc: error: unrecognized command-line option '-V'
gcc: fatal error: no input files
compilation terminated.
configure:2828: $? = 1
configure:2817: gcc -qversion >&5
gcc: error: unrecognized command-line option '-qversion'; did you mean '--version'?
gcc: fatal error: no input files
compilation terminated.
configure:2828: $? = 1
configure:2848: checking whether the C compiler works
configure:2870: gcc    conftest.c  >&5
configure:2874: $? = 0
configure:2922: result: yes
configure:2925: checking for C compiler default output file name
configure:2927: result: a.out
configure:2933: checking for suffix of executables
configure:2940: gcc -o conftest    conftest.c  >&5
configure:2944: $? = 0
configure:2966: result: 
configure:2988: checking whether we are cross compiling
configure:2996: gcc -o conftest    conftest.c  >&5
configure:3000: $? = 0
configure:3007: ./conftest
configure:3011: $? = 0
configure:2999: result: no
configure:3004: checking for suffix of object files
configure:3026: gcc -c   conftest.c >&5
configure:3030: $? = 0
configure:3051: result: o
configure:3055: checking whether we are using the GNU C compiler
configure:3074: gcc -c   conftest.c >&5
configure:3074: $? = 0
configure:3083: result: yes
configure:3092: checking whether gcc accepts -g
configure:3112: gcc -c -g  conftest.c >&5
configure:3112: $? = 0
configure:3153: result: yes
configure:3170: checking for gcc option to accept ISO C89
configure:3233: gcc  -c -g -O2  conftest.c >&5
configure:3233: $? = 0
configure:3246: result: none needed
configure:3271: checking whether gcc understands -c and -o together
configure:3293: gcc -c conftest.c -o conftest2.o
configure:3296: $? = 0
configure:3293: gcc -c conftest.c -o conftest2.o
configure:3296: $? = 0
configure:3308: result: yes
configure:3336: checking for style of include used by make
configure:3364: result: GNU
configure:3390: checking dependency style of gcc
configure:3501: result: gcc3
configure:3574: checking for g++
configure:3590: found /usr/bin/g++
configure:3601: result: g++
configure:3628: checking for C++ compiler version
configure:3637: g++ --version >&5
g++ (GCC) 10.2.0
Copyright (C) 2020 Free Software Foundation, Inc.
This is free software; see the source for copying conditions.  There is NO
warranty; not even for MERCHANTABILITY or FITNESS FOR A PARTICULAR PURPOSE.

configure:3648: $? = 0
configure:3637: g++ -v >&5
Using built-in specs.
COLLECT_GCC=g++
COLLECT_LTO_WRAPPER=/usr/lib/gcc/x86_64-pc-linux-gnu/10.2.0/lto-wrapper
Target: x86_64-pc-linux-gnu
Configured with: /build/gcc/src/gcc/configure --prefix=/usr --libdir=/usr/lib --libexecdir=/usr/lib --mandir=/usr/share/man --infodir=/usr/share/info --with-bugurl=https://bugs.archlinux.org/ --enable-languages=c,c++,ada,fortran,go,lto,objc,obj-c++,d --with-isl --with-linker-hash-style=gnu --with-system-zlib --enable-__cxa_atexit --enable-cet=auto --enable-checking=release --enable-clocale=gnu --enable-default-pie --enable-default-ssp --enable-gnu-indirect-function --enable-gnu-unique-object --enable-install-libiberty --enable-linker-build-id --enable-lto --enable-multilib --enable-plugin --enable-shared --enable-threads=posix --disable-libssp --disable-libstdcxx-pch --disable-libunwind-exceptions --disable-werror gdc_include_dir=/usr/include/dlang/gdc
Thread model: posix
Supported LTO compression algorithms: zlib zstd
gcc version 10.2.0 (GCC) 
configure:3648: $? = 0
configure:3637: g++ -V >&5
g++: error: unrecognized command-line option '-V'
g++: fatal error: no input files
compilation terminated.
configure:3648: $? = 1
configure:3637: g++ -qversion >&5
g++: error: unrecognized command-line option '-qversion'; did you mean '--version'?
g++: fatal error: no input files
compilation terminated.
configure:3648: $? = 1
configure:3652: checking whether we are using the GNU C++ compiler
configure:3671: g++ -c -Wno-terminate -O3  conftest.cpp >&5
configure:3671: $? = 0
configure:3680: result: yes
configure:3689: checking whether g++ accepts -g
configure:3709: g++ -c -g  conftest.cpp >&5
configure:3709: $? = 0
configure:3750: result: yes
configure:3775: checking dependency style of g++
configure:3886: result: gcc3
configure:3901: checking whether ln -s works
configure:3905: result: yes
configure:3920: checking whether g++ supports C++14 features by default
configure:4334: g++ -c -Wno-terminate -O3  conftest.cpp >&5
configure:4334: $? = 0
configure:4341: result: yes
configure:5259: checking for __gmpz_init in -lgmp
configure:5284: gcc -o conftest -g -O2   conftest.c -lgmp   >&5
configure:5284: $? = 0
configure:5293: result: yes
configure:5306: checking for __gmpq_init in -lgmpxx
configure:5331: gcc -o conftest -g -O2   conftest.c -lgmpxx  -lgmp  >&5
configure:5331: $? = 0
configure:5340: result: yes
configure:5455: checking that generated files are newer than configure
configure:5461: result: done
configure:5488: creating ./config.status

## ---------------------- ##
## Running config.status. ##
## ---------------------- ##

This file was extended by query-dnnf config.status 0.4.180625, which was
generated by GNU Autoconf 2.69.  Invocation command line was

  CONFIG_FILES    = 
  CONFIG_HEADERS  = 
  CONFIG_LINKS    = 
  CONFIG_COMMANDS = 
  $ ./config.status 

on tux

config.status:848: creating Makefile
config.status:848: creating src/Makefile
config.status:848: creating config.h
config.status:1029: config.h is unchanged
config.status:1077: executing depfiles commands

## ---------------- ##
## Cache variables. ##
## ---------------- ##

ac_cv_c_compiler_gnu=yes
ac_cv_cxx_compiler_gnu=yes
ac_cv_env_CCC_set=
ac_cv_env_CCC_value=
ac_cv_env_CC_set=
ac_cv_env_CC_value=
ac_cv_env_CFLAGS_set=
ac_cv_env_CFLAGS_value=
ac_cv_env_CPPFLAGS_set=
ac_cv_env_CPPFLAGS_value=
ac_cv_env_CXXFLAGS_set=
ac_cv_env_CXXFLAGS_value=
ac_cv_env_CXX_set=
ac_cv_env_CXX_value=
ac_cv_env_LDFLAGS_set=
ac_cv_env_LDFLAGS_value=
ac_cv_env_LIBS_set=
ac_cv_env_LIBS_value=
ac_cv_env_build_alias_set=
ac_cv_env_build_alias_value=
ac_cv_env_host_alias_set=
ac_cv_env_host_alias_value=
ac_cv_env_target_alias_set=
ac_cv_env_target_alias_value=
ac_cv_lib_gmp___gmpz_init=yes
ac_cv_lib_gmpxx___gmpq_init=yes
ac_cv_objext=o
ac_cv_path_install='/usr/bin/install -c'
ac_cv_path_mkdir=/usr/bin/mkdir
ac_cv_prog_AWK=gawk
ac_cv_prog_ac_ct_CC=gcc
ac_cv_prog_ac_ct_CXX=g++
ac_cv_prog_cc_c89=
ac_cv_prog_cc_g=yes
ac_cv_prog_cxx_g=yes
ac_cv_prog_make_make_set=yes
am_cv_CC_dependencies_compiler_type=gcc3
am_cv_CXX_dependencies_compiler_type=gcc3
am_cv_make_support_nested_variables=yes
am_cv_prog_cc_c_o=yes
ax_cv_cxx_compile_cxx14=yes

## ----------------- ##
## Output variables. ##
## ----------------- ##

ACLOCAL='${SHELL} /home/paulius/phd_work/published/conditional-wmc/deps/query-dnnf/missing aclocal-1.15'
AMDEPBACKSLASH='\'
AMDEP_FALSE='#'
AMDEP_TRUE=''
AMTAR='$${TAR-tar}'
AM_BACKSLASH='\'
AM_DEFAULT_V='$(AM_DEFAULT_VERBOSITY)'
AM_DEFAULT_VERBOSITY='1'
AM_V='$(V)'
AUTOCONF='${SHELL} /home/paulius/phd_work/published/conditional-wmc/deps/query-dnnf/missing autoconf'
AUTOHEADER='${SHELL} /home/paulius/phd_work/published/conditional-wmc/deps/query-dnnf/missing autoheader'
AUTOMAKE='${SHELL} /home/paulius/phd_work/published/conditional-wmc/deps/query-dnnf/missing automake-1.15'
AWK='gawk'
CC='gcc'
CCDEPMODE='depmode=gcc3'
CFLAGS='-g -O2'
CPPFLAGS=''
CXX='g++'
CXXDEPMODE='depmode=gcc3'
CXXFLAGS='-Wno-terminate -O3'
CYGPATH_W='echo'
DEFS='-DHAVE_CONFIG_H'
DEPDIR='.deps'
ECHO_C=''
ECHO_N='-n'
ECHO_T=''
EXEEXT=''
HAVE_CXX14='1'
INSTALL_DATA='${INSTALL} -m 644'
INSTALL_PROGRAM='${INSTALL}'
INSTALL_SCRIPT='${INSTALL}'
INSTALL_STRIP_PROGRAM='$(install_sh) -c -s'
LDFLAGS=''
LIBOBJS=''
LIBS='-lgmpxx -lgmp '
LN_S='ln -s'
LTLIBOBJS=''
MAKEINFO='${SHELL} /home/paulius/phd_work/published/conditional-wmc/deps/query-dnnf/missing makeinfo'
MKDIR_P='/usr/bin/mkdir -p'
OBJEXT='o'
PACKAGE='query-dnnf'
PACKAGE_BUGREPORT=''
PACKAGE_NAME='query-dnnf'
PACKAGE_STRING='query-dnnf 0.4.180625'
PACKAGE_TARNAME='query-dnnf'
PACKAGE_URL=''
PACKAGE_VERSION='0.4.180625'
PATH_SEPARATOR=':'
SET_MAKE=''
SHELL='/bin/sh'
STRIP=''
VERSION='0.4.180625'
ac_ct_CC='gcc'
ac_ct_CXX='g++'
am__EXEEXT_FALSE=''
am__EXEEXT_TRUE='#'
am__fastdepCC_FALSE='#'
am__fastdepCC_TRUE=''
am__fastdepCXX_FALSE='#'
am__fastdepCXX_TRUE=''
am__include='include'
am__isrc=''
am__leading_dot='.'
am__nodep='_no'
am__quote=''
am__tar='$${TAR-tar} chof - "$$tardir"'
am__untar='$${TAR-tar} xf -'
bindir='${exec_prefix}/bin'
build_alias=''
datadir='${datarootdir}'
datarootdir='${prefix}/share'
docdir='${datarootdir}/doc/${PACKAGE_TARNAME}'
dvidir='${docdir}'
exec_prefix='${prefix}'
host_alias=''
htmldir='${docdir}'
includedir='${prefix}/include'
infodir='${datarootdir}/info'
install_sh='${SHELL} /home/paulius/phd_work/published/conditional-wmc/deps/query-dnnf/install-sh'
libdir='${exec_prefix}/lib'
libexecdir='${exec_prefix}/libexec'
localedir='${datarootdir}/locale'
localstatedir='${prefix}/var'
mandir='${datarootdir}/man'
mkdir_p='$(MKDIR_P)'
oldincludedir='/usr/include'
pdfdir='${docdir}'
prefix='/usr/local'
program_transform_name='s,x,x,'
psdir='${docdir}'
runstatedir='${localstatedir}/run'
sbindir='${exec_prefix}/sbin'
sharedstatedir='${prefix}/com'
sysconfdir='${prefix}/etc'
target_alias=''

## ----------- ##
## confdefs.h. ##
## ----------- ##

/* confdefs.h */
#define PACKAGE_NAME "query-dnnf"
#define PACKAGE_TARNAME "query-dnnf"
#define PACKAGE_VERSION "0.4.180625"
#define PACKAGE_STRING "query-dnnf 0.4.180625"
#define PACKAGE_BUGREPORT ""
#define PACKAGE_URL ""
#define PACKAGE "query-dnnf"
#define VERSION "0.4.180625"
#define HAVE_CXX14 1
#define HAVE_LIBGMP 1
#define HAVE_LIBGMPXX 1

configure: exit 0
